<?xml version="1.0" encoding="utf-8"?><testsuites><testsuite name="pytest" errors="0" failures="0" skipped="0" tests="0" time="0.087" timestamp="2023-12-06T11:07:20.199950" hostname="ip-172-31-25-213.eu-central-1.compute.internal" /></testsuites>